<?xml version="1.0" encoding="UTF-8"?>
<!-- Generated by org.testng.reporters.JUnitXMLReporter -->
<testsuite hostname="ATMECSINLT-085" ignored="0" name="Default test" tests="6" failures="0" timestamp="04 Oct 2019 14:34:31 GMT" time="72.268" errors="0">
  <testcase name="homeValidation" time="46.441" classname="org.atmecs.website.testscripts.Home"/>
  <testcase name="homeValidation" time="0.004" classname="org.atmecs.website.testscripts.Home"/>
  <testcase name="homeValidation" time="0.003" classname="org.atmecs.website.testscripts.Home"/>
  <testcase name="homeValidation" time="0.003" classname="org.atmecs.website.testscripts.Home"/>
  <testcase name="homeValidation" time="0.001" classname="org.atmecs.website.testscripts.Home"/>
  <testcase name="homeValidation" time="0.002" classname="org.atmecs.website.testscripts.Home"/>
</testsuite> <!-- Default test -->
