<?xml version="1.0" encoding="UTF-8"?>
<testng-results skipped="0" failed="0" ignored="0" total="6" passed="6">
  <reporter-output>
  </reporter-output>
  <suite name="Default suite" duration-ms="72268" started-at="2019-10-04T14:33:18Z" finished-at="2019-10-04T14:34:31Z">
    <groups>
    </groups>
    <test name="Default test" duration-ms="72268" started-at="2019-10-04T14:33:18Z" finished-at="2019-10-04T14:34:31Z">
      <class name="org.atmecs.website.testscripts.Home">
        <test-method status="PASS" signature="baseSetup()[pri:0, instance:org.atmecs.website.testscripts.Home@4667ae56]" name="baseSetup" is-config="true" duration-ms="24381" started-at="2019-10-04T14:33:18Z" finished-at="2019-10-04T14:33:43Z">
          <reporter-output>
          </reporter-output>
        </test-method> <!-- baseSetup -->
        <test-method status="PASS" signature="homeValidation(java.lang.String, java.lang.String)[pri:0, instance:org.atmecs.website.testscripts.Home@4667ae56]" name="homeValidation" duration-ms="46441" started-at="2019-10-04T14:33:44Z" data-provider="breadcrumbdata" finished-at="2019-10-04T14:34:30Z">
          <params>
            <param index="0">
              <value>
                <![CDATA[Services | Atmecs, Inc. | Digital Solutions & Product Engineering Services]]>
              </value>
            </param>
            <param index="1">
              <value>
                <![CDATA[Home › Services]]>
              </value>
            </param>
          </params>
          <reporter-output>
          </reporter-output>
        </test-method> <!-- homeValidation -->
        <test-method status="PASS" signature="homeValidation(java.lang.String, java.lang.String)[pri:0, instance:org.atmecs.website.testscripts.Home@4667ae56]" name="homeValidation" duration-ms="4" started-at="2019-10-04T14:34:30Z" data-provider="breadcrumbdata" finished-at="2019-10-04T14:34:30Z">
          <params>
            <param index="0">
              <value>
                <![CDATA[Artificial Intelligence/Machine Learing | Leap at the possibilities of AI/ML]]>
              </value>
            </param>
            <param index="1">
              <value>
                <![CDATA[Home › Services › Digital Life › Artificial Intelligence / Machine Learning]]>
              </value>
            </param>
          </params>
          <reporter-output>
          </reporter-output>
        </test-method> <!-- homeValidation -->
        <test-method status="PASS" signature="homeValidation(java.lang.String, java.lang.String)[pri:0, instance:org.atmecs.website.testscripts.Home@4667ae56]" name="homeValidation" duration-ms="3" started-at="2019-10-04T14:34:30Z" data-provider="breadcrumbdata" finished-at="2019-10-04T14:34:30Z">
          <params>
            <param index="0">
              <value>
                <![CDATA[Mixed Reality | We engineer the technology. You achieve the unreal.]]>
              </value>
            </param>
            <param index="1">
              <value>
                <![CDATA[Home › Services › Digital Life › Augmented Reality / Virtual Reality]]>
              </value>
            </param>
          </params>
          <reporter-output>
          </reporter-output>
        </test-method> <!-- homeValidation -->
        <test-method status="PASS" signature="homeValidation(java.lang.String, java.lang.String)[pri:0, instance:org.atmecs.website.testscripts.Home@4667ae56]" name="homeValidation" duration-ms="3" started-at="2019-10-04T14:34:30Z" data-provider="breadcrumbdata" finished-at="2019-10-04T14:34:30Z">
          <params>
            <param index="0">
              <value>
                <![CDATA[Internet of Things | Reform your customer experience with IoT Data]]>
              </value>
            </param>
            <param index="1">
              <value>
                <![CDATA[Home › Services › Digital Life › Internet of Things]]>
              </value>
            </param>
          </params>
          <reporter-output>
          </reporter-output>
        </test-method> <!-- homeValidation -->
        <test-method status="PASS" signature="homeValidation(java.lang.String, java.lang.String)[pri:0, instance:org.atmecs.website.testscripts.Home@4667ae56]" name="homeValidation" duration-ms="1" started-at="2019-10-04T14:34:30Z" data-provider="breadcrumbdata" finished-at="2019-10-04T14:34:30Z">
          <params>
            <param index="0">
              <value>
                <![CDATA[RPA & ChatBOTs | Pave way for digital transformation with RPA]]>
              </value>
            </param>
            <param index="1">
              <value>
                <![CDATA[Home › Services › Digital Life › Robotic Process Automation & ChatBOTs]]>
              </value>
            </param>
          </params>
          <reporter-output>
          </reporter-output>
        </test-method> <!-- homeValidation -->
        <test-method status="PASS" signature="homeValidation(java.lang.String, java.lang.String)[pri:0, instance:org.atmecs.website.testscripts.Home@4667ae56]" name="homeValidation" duration-ms="2" started-at="2019-10-04T14:34:30Z" data-provider="breadcrumbdata" finished-at="2019-10-04T14:34:30Z">
          <params>
            <param index="0">
              <value>
                <![CDATA[Blockchain | ATMECS, Inc.]]>
              </value>
            </param>
            <param index="1">
              <value>
                <![CDATA[Home › Services › Digital Life › Blockchain]]>
              </value>
            </param>
          </params>
          <reporter-output>
          </reporter-output>
        </test-method> <!-- homeValidation -->
        <test-method status="PASS" signature="end()[pri:0, instance:org.atmecs.website.testscripts.Home@4667ae56]" name="end" is-config="true" duration-ms="570" started-at="2019-10-04T14:34:30Z" finished-at="2019-10-04T14:34:31Z">
          <reporter-output>
          </reporter-output>
        </test-method> <!-- end -->
      </class> <!-- org.atmecs.website.testscripts.Home -->
    </test> <!-- Default test -->
  </suite> <!-- Default suite -->
</testng-results>
