<?xml version="1.0" encoding="UTF-8"?>
<testng-results skipped="0" failed="0" ignored="0" total="1" passed="1">
  <reporter-output>
  </reporter-output>
  <suite name="Suite" duration-ms="70942" started-at="2019-10-03T14:22:20Z" finished-at="2019-10-03T14:23:31Z">
    <groups>
    </groups>
    <test name="Test" duration-ms="70942" started-at="2019-10-03T14:22:20Z" finished-at="2019-10-03T14:23:31Z">
      <class name="org.atmecs.website.testscripts.Home">
        <test-method status="PASS" signature="startReport()[pri:0, instance:org.atmecs.website.testscripts.Home@4dfa3a9d]" name="startReport" is-config="true" duration-ms="276" started-at="2019-10-03T14:22:20Z" finished-at="2019-10-03T14:22:20Z">
          <reporter-output>
          </reporter-output>
        </test-method> <!-- startReport -->
        <test-method status="PASS" signature="baseSetup()[pri:0, instance:org.atmecs.website.testscripts.Home@4dfa3a9d]" name="baseSetup" is-config="true" duration-ms="25435" started-at="2019-10-03T14:22:20Z" finished-at="2019-10-03T14:22:45Z">
          <reporter-output>
          </reporter-output>
        </test-method> <!-- baseSetup -->
        <test-method status="PASS" signature="homeValidation(java.lang.String, java.lang.String, java.lang.String, java.lang.String, java.lang.String, java.lang.String, java.lang.String, java.lang.String, java.lang.String, java.lang.String, java.lang.String, java.lang.String, java.lang.String)[pri:0, instance:org.atmecs.website.testscripts.Home@4dfa3a9d]" name="homeValidation" duration-ms="44088" started-at="2019-10-03T14:22:46Z" data-provider="breadcrumbdata" finished-at="2019-10-03T14:23:30Z">
          <params>
            <param index="0">
              <value>
                <![CDATA[Home | Atmecs, Inc. | Digital Solutions & Product Engineering Services]]>
              </value>
            </param>
            <param index="1">
              <value>
                <![CDATA[Services | Atmecs, Inc. | Digital Solutions & Product Engineering Services]]>
              </value>
            </param>
            <param index="2">
              <value>
                <![CDATA[Artificial Intelligence/Machine Learing | Leap at the possibilities of AI/ML]]>
              </value>
            </param>
            <param index="3">
              <value>
                <![CDATA[Mixed Reality | We engineer the technology. You achieve the unreal.]]>
              </value>
            </param>
            <param index="4">
              <value>
                <![CDATA[Internet of Things | Reform your customer experience with IoT Data]]>
              </value>
            </param>
            <param index="5">
              <value>
                <![CDATA[RPA & ChatBOTs | Pave way for digital transformation with RPA]]>
              </value>
            </param>
            <param index="6">
              <value>
                <![CDATA[Blockchain | ATMECS, Inc.]]>
              </value>
            </param>
            <param index="7">
              <value>
                <![CDATA[Home › Services]]>
              </value>
            </param>
            <param index="8">
              <value>
                <![CDATA[Home › Services › Digital Life › Artificial Intelligence / Machine Learning]]>
              </value>
            </param>
            <param index="9">
              <value>
                <![CDATA[Home › Services › Digital Life › Augmented Reality / Virtual Reality]]>
              </value>
            </param>
            <param index="10">
              <value>
                <![CDATA[Home › Services › Digital Life › Internet of Things]]>
              </value>
            </param>
            <param index="11">
              <value>
                <![CDATA[Home › Services › Digital Life › Robotic Process Automation & ChatBOTs]]>
              </value>
            </param>
            <param index="12">
              <value>
                <![CDATA[Home › Services › Digital Life › Blockchain]]>
              </value>
            </param>
          </params>
          <reporter-output>
          </reporter-output>
        </test-method> <!-- homeValidation -->
        <test-method status="PASS" signature="tearDown(org.testng.ITestResult)[pri:0, instance:org.atmecs.website.testscripts.Home@4dfa3a9d]" name="tearDown" is-config="true" duration-ms="443" started-at="2019-10-03T14:23:30Z" finished-at="2019-10-03T14:23:31Z">
          <params>
            <param index="0">
              <value>
                <![CDATA[[TestResult name=homeValidation status=SUCCESS method=Home.homeValidation(java.lang.String, java.lang.String, java.lang.String, java.lang.String, java.lang.String, java.lang.String, java.lang.String, java.lang.String, java.lang.String, java.lang.String, java.lang.String, java.lang.String, java.lang.String)[pri:0, instance:org.atmecs.website.testscripts.Home@4dfa3a9d] output={null}]]]>
              </value>
            </param>
          </params>
          <reporter-output>
          </reporter-output>
        </test-method> <!-- tearDown -->
        <test-method status="PASS" signature="endReport()[pri:0, instance:org.atmecs.website.testscripts.Home@4dfa3a9d]" name="endReport" is-config="true" duration-ms="1374" started-at="2019-10-03T14:23:31Z" finished-at="2019-10-03T14:23:32Z">
          <reporter-output>
          </reporter-output>
        </test-method> <!-- endReport -->
      </class> <!-- org.atmecs.website.testscripts.Home -->
    </test> <!-- Test -->
  </suite> <!-- Suite -->
</testng-results>
